2023-03-09 15:58:06.203 INFO  [main][PortalContextLoaderListener:123] JVM arguments: -Xmx2560m -XX:MaxMetaspaceSize=768m -XX:MetaspaceSize=768m -Dcatalina.base=C:/Users/Oliver/eclipse-workspace/liferayworkspace-project/liferay-ce-portal-7.4.3.52-ga52/tomcat-9.0.65 -Dcatalina.home=C:/Users/Oliver/eclipse-workspace/liferayworkspace-project/liferay-ce-portal-7.4.3.52-ga52/tomcat-9.0.65 -Djdk.tls.ephemeralDHKeySize=2048 -Djava.protocol.handler.pkgs=org.apache.catalina.webresources -Dorg.apache.catalina.security.SecurityListener.UMASK=0027 -Dcom.sun.management.jmxremote -Dcom.sun.management.jmxremote.authenticate=false -Dcom.sun.management.jmxremote.port=8099 -Dcom.sun.management.jmxremote.ssl=false -Dfile.encoding=UTF8 -Djava.endorsed.dirs=C:/Users/Oliver/eclipse-workspace/liferayworkspace-project/liferay-ce-portal-7.4.3.52-ga52/tomcat-9.0.65/endorsed -Djava.io.tmpdir=C:/Users/Oliver/eclipse-workspace/liferayworkspace-project/liferay-ce-portal-7.4.3.52-ga52/tomcat-9.0.65/temp -Djava.net.preferIPv4Stack=true -Djava.util.logging.config.file=C:/Users/Oliver/eclipse-workspace/liferayworkspace-project/liferay-ce-portal-7.4.3.52-ga52/tomcat-9.0.65/conf/logging.properties -Djava.util.logging.manager=org.apache.juli.ClassLoaderLogManager -Dorg.apache.catalina.loader.WebappClassLoader.ENABLE_CLEAR_REFERENCES=false -Duser.timezone=GMT
2023-03-09 15:58:18.831 WARN  [main][DialectDetector:82] Liferay is configured to use Hypersonic as its database. Do NOT use Hypersonic in production. Hypersonic is an embedded database useful for development and demonstration purposes. The database settings can be changed in portal-ext.properties.
2023-03-09 15:58:18.831 INFO  [main][DialectDetector:153] Using dialect com.liferay.portal.dao.orm.hibernate.HSQLDialect for HSQL Database Engine 2.3
2023-03-09 15:58:22.841 INFO  [main][ModuleFrameworkImpl:1285] Starting initial bundles
2023-03-09 15:58:26.603 INFO  [ModuleFramework-Static-Bundles-4][InterpolationConfigurationPlugin:109] Configured directory for secrets: C:/Users/Oliver/eclipse-workspace/liferayworkspace-project/liferay-ce-portal-7.4.3.52-ga52/osgi/configs
2023-03-09 15:58:31.221 INFO  [main][ModuleFrameworkImpl:1584] Started initial bundles
2023-03-09 15:58:31.222 INFO  [main][ModuleFrameworkImpl:1633] Starting dynamic bundles
2023-03-09 15:58:53.040 INFO  [main][ModuleFrameworkImpl:1656] Started dynamic bundles
2023-03-09 15:58:53.041 INFO  [main][ModuleFrameworkImpl:1663] Starting web bundles
2023-03-09 15:58:56.157 INFO  [main][ModuleFrameworkImpl:1717] Started web bundles
2023-03-09 15:58:56.161 INFO  [main][ModuleFrameworkImpl:279] Navigate to Control Panel > System > Gogo Shell and enter "lb" to see all bundles
2023-03-09 15:58:56.184 INFO  [main][LoggingTimer:83] Starting com.liferay.portal.verify.VerifyProperties#verifySystemProperties
2023-03-09 15:58:56.185 INFO  [main][LoggingTimer:44] Completed com.liferay.portal.verify.VerifyProperties#verifySystemProperties in 1 ms
2023-03-09 15:58:56.185 INFO  [main][LoggingTimer:83] Starting com.liferay.portal.verify.VerifyProperties#verifyPortalProperties
2023-03-09 15:58:56.205 INFO  [main][LoggingTimer:44] Completed com.liferay.portal.verify.VerifyProperties#verifyPortalProperties in 20 ms
2023-03-09 15:58:56.206 INFO  [main][LoggingTimer:83] Starting com.liferay.portal.verify.VerifyProperties#verifyDocumentLibrary
2023-03-09 15:58:56.206 INFO  [main][LoggingTimer:44] Completed com.liferay.portal.verify.VerifyProperties#verifyDocumentLibrary in 0 ms
2023-03-09 15:58:56.689 INFO  [main][LoggingTimer:83] Starting com.liferay.portal.events.StartupHelperUtil#initResourceActions
2023-03-09 15:58:56.758 INFO  [main][LoggingTimer:44] Completed com.liferay.portal.events.StartupHelperUtil#initResourceActions in 69 ms
2023-03-09 15:59:00.013 WARN  [main][SidecarManager:103] Liferay automatically starts a child process of Elasticsearch named sidecar for convenient development and demonstration purposes. Do NOT use sidecar in production. Refer to the documentation for details on the limitations of sidecar and instructions on configuring a remote Elasticsearch connection in the Control Panel.
2023-03-09 15:59:28.141 INFO  [main][Sidecar:119] Sidecar Elasticsearch liferay started at 127.0.0.1:9201
2023-03-09 15:59:36.108 INFO  [main][StartupHelperUtil:83] There are no patches installed
2023-03-09 15:59:36.129 INFO  [main][LoggingTimer:83] Starting com.liferay.portal.events.StartupHelperUtil#initResourceActions
2023-03-09 15:59:36.183 INFO  [main][LoggingTimer:44] Completed com.liferay.portal.events.StartupHelperUtil#initResourceActions in 54 ms
2023-03-09 15:59:36.873 INFO  [main][AutoDeployDir:176] Auto deploy scanner started for C:\Users\Oliver\eclipse-workspace\liferayworkspace-project\liferay-ce-portal-7.4.3.52-ga52\deploy
2023-03-09 15:59:37.879 INFO  [main][VerifyProcess:77] Verifying com.liferay.portal.scheduler.internal.verify.SchedulerHelperPropertiesVerifyProcess
2023-03-09 15:59:37.883 INFO  [main][LoggingTimer:83] Starting com.liferay.portal.scheduler.internal.verify.SchedulerHelperPropertiesVerifyProcess#_upgradeConfiguration
2023-03-09 15:59:37.884 INFO  [main][LoggingTimer:44] Completed com.liferay.portal.scheduler.internal.verify.SchedulerHelperPropertiesVerifyProcess#_upgradeConfiguration in 1 ms
2023-03-09 15:59:37.884 INFO  [main][VerifyProcess:90] Completed verification process com.liferay.portal.scheduler.internal.verify.SchedulerHelperPropertiesVerifyProcess in 7 ms
2023-03-09 15:59:38.010 INFO  [main][VerifyProcess:77] Verifying com.liferay.portal.security.sso.opensso.internal.verify.OpenSSOCompanySettingsVerifyProcess
2023-03-09 15:59:38.011 INFO  [main][LoggingTimer:83] Starting com.liferay.portal.verify.BaseCompanySettingsVerifyProcess#verifyProperties
2023-03-09 15:59:38.018 INFO  [main][BaseCompanySettingsVerifyProcess:124] Removing preference keys [open.sso.last.name.attr, open.sso.auth.enabled, open.sso.ldap.import.enabled, open.sso.email.address.attr, open.sso.service.url, open.sso.first.name.attr, open.sso.login.url, open.sso.logout.url, open.sso.screen.name.attr, open.sso.logout.on.session.expiration] for company 20097
2023-03-09 15:59:38.023 INFO  [main][LoggingTimer:44] Completed com.liferay.portal.verify.BaseCompanySettingsVerifyProcess#verifyProperties in 12 ms
2023-03-09 15:59:38.025 INFO  [main][VerifyProcess:90] Completed verification process com.liferay.portal.security.sso.opensso.internal.verify.OpenSSOCompanySettingsVerifyProcess in 16 ms
2023-03-09 15:59:38.035 INFO  [main][VerifyProcess:77] Verifying com.liferay.portal.security.sso.facebook.connect.internal.verify.FacebookConnectCompanySettingsVerifyProcess
2023-03-09 15:59:38.037 INFO  [main][LoggingTimer:83] Starting com.liferay.portal.verify.BaseCompanySettingsVerifyProcess#verifyProperties
2023-03-09 15:59:38.041 INFO  [main][BaseCompanySettingsVerifyProcess:124] Removing preference keys [facebook.connect.app.secret, facebook.connect.graph.url, facebook.connect.oauth.auth.url, facebook.connect.app.id, facebook.connect.oauth.redirect.url, facebook.connect.oauth.token.url, facebook.auth.enabled, facebook.connect.verified.account.required] for company 20097
2023-03-09 15:59:38.052 INFO  [main][LoggingTimer:44] Completed com.liferay.portal.verify.BaseCompanySettingsVerifyProcess#verifyProperties in 15 ms
2023-03-09 15:59:38.053 INFO  [main][VerifyProcess:90] Completed verification process com.liferay.portal.security.sso.facebook.connect.internal.verify.FacebookConnectCompanySettingsVerifyProcess in 17 ms
2023-03-09 15:59:38.064 INFO  [main][VerifyProcess:77] Verifying com.liferay.exportimport.internal.verify.system.event.SystemEventVerifyProcess
2023-03-09 15:59:38.168 INFO  [main][VerifyProcess:90] Completed verification process com.liferay.exportimport.internal.verify.system.event.SystemEventVerifyProcess in 104 ms
2023-03-09 15:59:38.177 INFO  [main][VerifyProcess:77] Verifying com.liferay.portal.security.ldap.internal.verify.LDAPPropertiesVerifyProcess
2023-03-09 15:59:38.181 INFO  [main][LoggingTimer:83] Starting com.liferay.portal.security.ldap.internal.verify.LDAPPropertiesVerifyProcess#_verifyLDAPProperties
2023-03-09 15:59:38.185 INFO  [main][LoggingTimer:44] Completed com.liferay.portal.security.ldap.internal.verify.LDAPPropertiesVerifyProcess#_verifyLDAPProperties in 5 ms
2023-03-09 15:59:38.187 INFO  [main][VerifyProcess:90] Completed verification process com.liferay.portal.security.ldap.internal.verify.LDAPPropertiesVerifyProcess in 13 ms
2023-03-09 15:59:38.421 INFO  [main][VerifyProcess:77] Verifying com.liferay.organizations.internal.verify.OrganizationServiceVerifyProcess
2023-03-09 15:59:38.424 INFO  [main][VerifyProcess:90] Completed verification process com.liferay.organizations.internal.verify.OrganizationServiceVerifyProcess in 2 ms
2023-03-09 15:59:45.698 INFO  [main][VerifyProcess:77] Verifying com.liferay.wiki.internal.verify.WikiServiceVerifyProcess
2023-03-09 15:59:45.699 INFO  [main][VerifyProcess:90] Completed verification process com.liferay.wiki.internal.verify.WikiServiceVerifyProcess in 3 ms
2023-03-09 15:59:45.710 INFO  [main][VerifyProcess:77] Verifying com.liferay.blogs.internal.verify.BlogsServiceVerifyProcess
2023-03-09 15:59:45.711 INFO  [main][VerifyProcess:90] Completed verification process com.liferay.blogs.internal.verify.BlogsServiceVerifyProcess in 1 ms
2023-03-09 15:59:46.905 INFO  [com.liferay.portal.osgi.web.wab.extender.internal.WabFactory-BundleTrackerOpener][ThemeHotDeployListener:108] 1 theme for classic-theme is available for use
2023-03-09 15:59:47.181 INFO  [com.liferay.portal.osgi.web.wab.extender.internal.WabFactory-BundleTrackerOpener][ThemeHotDeployListener:108] 1 theme for minium-theme is available for use
2023-03-09 15:59:47.630 INFO  [com.liferay.portal.osgi.web.wab.extender.internal.WabFactory-BundleTrackerOpener][ThemeHotDeployListener:108] 1 theme for speedwell-theme is available for use
2023-03-09 15:59:47.869 INFO  [com.liferay.portal.osgi.web.wab.extender.internal.WabFactory-BundleTrackerOpener][ThemeHotDeployListener:108] 1 theme for dialect-theme is available for use
2023-03-09 15:59:48.134 INFO  [com.liferay.portal.osgi.web.wab.extender.internal.WabFactory-BundleTrackerOpener][ThemeHotDeployListener:108] 1 theme for admin-theme is available for use
2023-03-09 15:59:49.500 INFO  [main][VerifyProcess:77] Verifying com.liferay.message.boards.internal.verify.MessageBoardsServiceVerifyProcess
2023-03-09 15:59:49.501 INFO  [main][LoggingTimer:83] Starting com.liferay.message.boards.internal.verify.MessageBoardsServiceVerifyProcess#verifyGroupedModels
2023-03-09 15:59:49.515 INFO  [ForkJoinPool-1-worker-1][LoggingTimer:83] Starting com.liferay.portal.verify.VerifyGroupedModel#verifyGroupedModel#MBDiscussion
2023-03-09 15:59:49.515 INFO  [ForkJoinPool-1-worker-2][LoggingTimer:83] Starting com.liferay.portal.verify.VerifyGroupedModel#verifyGroupedModel#MBThreadFlag
2023-03-09 15:59:49.530 INFO  [ForkJoinPool-1-worker-1][LoggingTimer:44] Completed com.liferay.portal.verify.VerifyGroupedModel#verifyGroupedModel#MBDiscussion in 16 ms
2023-03-09 15:59:49.530 INFO  [ForkJoinPool-1-worker-2][LoggingTimer:44] Completed com.liferay.portal.verify.VerifyGroupedModel#verifyGroupedModel#MBThreadFlag in 16 ms
2023-03-09 15:59:49.532 INFO  [main][LoggingTimer:44] Completed com.liferay.message.boards.internal.verify.MessageBoardsServiceVerifyProcess#verifyGroupedModels in 30 ms
2023-03-09 15:59:49.533 INFO  [main][VerifyProcess:90] Completed verification process com.liferay.message.boards.internal.verify.MessageBoardsServiceVerifyProcess in 33 ms
2023-03-09 15:59:59.866 INFO  [main][VerifyProcess:77] Verifying com.liferay.document.library.internal.verify.DLServiceVerifyProcess
2023-03-09 15:59:59.876 INFO  [main][LoggingTimer:83] Starting com.liferay.document.library.internal.verify.DLServiceVerifyProcess#_checkDLFileEntryMetadata
2023-03-09 15:59:59.966 INFO  [main][LoggingTimer:44] Completed com.liferay.document.library.internal.verify.DLServiceVerifyProcess#_checkDLFileEntryMetadata in 90 ms
2023-03-09 15:59:59.968 INFO  [main][LoggingTimer:83] Starting com.liferay.document.library.internal.verify.DLServiceVerifyProcess#_checkMimeTypes
2023-03-09 15:59:59.977 INFO  [main][LoggingTimer:44] Completed com.liferay.document.library.internal.verify.DLServiceVerifyProcess#_checkMimeTypes in 9 ms
2023-03-09 15:59:59.979 INFO  [main][LoggingTimer:83] Starting com.liferay.document.library.internal.verify.DLServiceVerifyProcess#_updateClassNameId
2023-03-09 15:59:59.987 INFO  [main][LoggingTimer:44] Completed com.liferay.document.library.internal.verify.DLServiceVerifyProcess#_updateClassNameId in 8 ms
2023-03-09 15:59:59.988 INFO  [main][LoggingTimer:83] Starting com.liferay.document.library.internal.verify.DLServiceVerifyProcess#_updateFileEntryAssets
2023-03-09 15:59:59.999 INFO  [main][LoggingTimer:44] Completed com.liferay.document.library.internal.verify.DLServiceVerifyProcess#_updateFileEntryAssets in 10 ms
2023-03-09 16:00:00.001 INFO  [main][LoggingTimer:83] Starting com.liferay.document.library.internal.verify.DLServiceVerifyProcess#_updateFolderAssets
2023-03-09 16:00:00.078 INFO  [main][LoggingTimer:44] Completed com.liferay.document.library.internal.verify.DLServiceVerifyProcess#_updateFolderAssets in 77 ms
2023-03-09 16:00:00.081 INFO  [main][VerifyProcess:90] Completed verification process com.liferay.document.library.internal.verify.DLServiceVerifyProcess in 214 ms
2023-03-09 16:00:00.355 INFO  [main][VerifyProcess:77] Verifying com.liferay.dynamic.data.mapping.verify.DDMServiceVerifyProcess
2023-03-09 16:00:00.356 INFO  [main][LoggingTimer:83] Starting com.liferay.dynamic.data.mapping.verify.DDMServiceVerifyProcess#verifyStructureLinks
2023-03-09 16:00:00.359 INFO  [main][LoggingTimer:44] Completed com.liferay.dynamic.data.mapping.verify.DDMServiceVerifyProcess#verifyStructureLinks in 3 ms
2023-03-09 16:00:00.361 INFO  [main][LoggingTimer:83] Starting com.liferay.dynamic.data.mapping.verify.DDMServiceVerifyProcess#verifyTemplateLinks
2023-03-09 16:00:00.363 INFO  [main][LoggingTimer:44] Completed com.liferay.dynamic.data.mapping.verify.DDMServiceVerifyProcess#verifyTemplateLinks in 2 ms
2023-03-09 16:00:00.364 INFO  [main][VerifyProcess:90] Completed verification process com.liferay.dynamic.data.mapping.verify.DDMServiceVerifyProcess in 9 ms
2023-03-09 16:00:11.826 INFO  [main][SystemCheckOSGiCommands:61] System check is enabled. You can run a system check with the command "system:check" in Gogo shell.
2023-03-09 16:00:11.827 INFO  [main][SystemCheckOSGiCommands:73] Running system check
2023-03-09 16:00:11.828 INFO  [main][SystemCheckOSGiCommands:95] Available checkers :[Declarative Service Soft Circular Dependency Checker, Declarative Service Unsatisfied Component Checker, Spring Extender Unavailable Component Checker]
2023-03-09 16:00:11.829 INFO  [main][SystemCheckOSGiCommands:111] Running "Declarative Service Soft Circular Dependency Checker". You can run this by itself with command "ds:softCircularDependency" in gogo shell.
2023-03-09 16:00:25.279 INFO  [main][SystemCheckOSGiCommands:123] Declarative Service Soft Circular Dependency Checker check result: No issues were found.
2023-03-09 16:00:25.280 INFO  [main][SystemCheckOSGiCommands:111] Running "Declarative Service Unsatisfied Component Checker". You can run this by itself with command "ds:unsatisfied" in gogo shell.
2023-03-09 16:00:41.080 INFO  [main][SystemCheckOSGiCommands:123] Declarative Service Unsatisfied Component Checker check result: No issues were found.
2023-03-09 16:00:41.081 INFO  [main][SystemCheckOSGiCommands:111] Running "Spring Extender Unavailable Component Checker". You can run this by itself with command "dm na" in gogo shell.
2023-03-09 16:00:41.083 INFO  [main][SystemCheckOSGiCommands:123] Spring Extender Unavailable Component Checker check result: No issues were found.
2023-03-09 16:01:01.254 ERROR [http-nio-8080-exec-3][AutoLoginFilter:256] Current URL / generates exception: com.liferay.portal.kernel.exception.SystemException: com.liferay.portal.kernel.encryptor.EncryptorException: com.liferay.portal.kernel.encryptor.EncryptorException: javax.crypto.BadPaddingException: Given final block not properly padded. Such issues can arise if a bad key is used during decryption.
2023-03-09 16:03:09.277 INFO  [main][ThemeHotDeployListener:171] 1 theme for admin-theme was unregistered
2023-03-09 16:03:09.302 INFO  [main][ThemeHotDeployListener:171] 1 theme for dialect-theme was unregistered
2023-03-09 16:03:09.325 INFO  [main][ThemeHotDeployListener:171] 1 theme for speedwell-theme was unregistered
2023-03-09 16:03:09.347 INFO  [main][ThemeHotDeployListener:171] 1 theme for minium-theme was unregistered
2023-03-09 16:03:09.363 INFO  [main][ThemeHotDeployListener:171] 1 theme for classic-theme was unregistered
2023-03-09 16:03:14.597 ERROR [main][SqlExceptionHelper:142] connection exception: closed
2023-03-09 16:03:16.470 ERROR [main][SqlExceptionHelper:142] connection exception: closed
2023-03-09 16:03:38.000 INFO  [main][PortalContextLoaderListener:123] JVM arguments: -XX:MaxMetaspaceSize=768m -XX:MetaspaceSize=768m -Dcatalina.base=C:/Users/Oliver/eclipse-workspace/liferayworkspace-project/liferay-ce-portal-7.4.3.52-ga52/tomcat-9.0.65 -Dcatalina.home=C:/Users/Oliver/eclipse-workspace/liferayworkspace-project/liferay-ce-portal-7.4.3.52-ga52/tomcat-9.0.65 -Djdk.tls.ephemeralDHKeySize=2048 -Djava.protocol.handler.pkgs=org.apache.catalina.webresources -Dorg.apache.catalina.security.SecurityListener.UMASK=0027 -Dcom.sun.management.jmxremote -Dcom.sun.management.jmxremote.authenticate=false -Dcom.sun.management.jmxremote.port=8099 -Dcom.sun.management.jmxremote.ssl=false -Dfile.encoding=UTF8 -Djava.endorsed.dirs=C:/Users/Oliver/eclipse-workspace/liferayworkspace-project/liferay-ce-portal-7.4.3.52-ga52/tomcat-9.0.65/endorsed -Djava.io.tmpdir=C:/Users/Oliver/eclipse-workspace/liferayworkspace-project/liferay-ce-portal-7.4.3.52-ga52/tomcat-9.0.65/temp -Djava.net.preferIPv4Stack=true -Djava.util.logging.config.file=C:/Users/Oliver/eclipse-workspace/liferayworkspace-project/liferay-ce-portal-7.4.3.52-ga52/tomcat-9.0.65/conf/logging.properties -Djava.util.logging.manager=org.apache.juli.ClassLoaderLogManager -Dorg.apache.catalina.loader.WebappClassLoader.ENABLE_CLEAR_REFERENCES=false -Duser.timezone=GMT -Xmx2560m
2023-03-09 16:03:43.675 INFO  [main][DialectDetector:153] Using dialect org.hibernate.dialect.PostgreSQL10Dialect for PostgreSQL 15.2
2023-03-09 16:03:43.739 INFO  [main][DBInitUtil:143] Create tables and populate with default data
2023-03-09 16:03:50.737 INFO  [main][ModuleFrameworkImpl:1285] Starting initial bundles
2023-03-09 16:03:52.015 INFO  [ModuleFramework-Static-Bundles-1][InterpolationConfigurationPlugin:109] Configured directory for secrets: C:/Users/Oliver/eclipse-workspace/liferayworkspace-project/liferay-ce-portal-7.4.3.52-ga52/osgi/configs
2023-03-09 16:03:55.093 INFO  [main][ModuleFrameworkImpl:1584] Started initial bundles
2023-03-09 16:03:55.094 INFO  [main][ModuleFrameworkImpl:1633] Starting dynamic bundles
2023-03-09 16:04:17.728 INFO  [main][ModuleFrameworkImpl:1656] Started dynamic bundles
2023-03-09 16:04:17.730 INFO  [main][ModuleFrameworkImpl:1663] Starting web bundles
2023-03-09 16:04:20.909 INFO  [main][ModuleFrameworkImpl:1717] Started web bundles
2023-03-09 16:04:20.909 INFO  [main][ModuleFrameworkImpl:279] Navigate to Control Panel > System > Gogo Shell and enter "lb" to see all bundles
2023-03-09 16:04:20.925 INFO  [main][LoggingTimer:83] Starting com.liferay.portal.verify.VerifyProperties#verifySystemProperties
2023-03-09 16:04:20.926 INFO  [main][LoggingTimer:44] Completed com.liferay.portal.verify.VerifyProperties#verifySystemProperties in 0 ms
2023-03-09 16:04:20.926 INFO  [main][LoggingTimer:83] Starting com.liferay.portal.verify.VerifyProperties#verifyPortalProperties
2023-03-09 16:04:20.943 INFO  [main][LoggingTimer:44] Completed com.liferay.portal.verify.VerifyProperties#verifyPortalProperties in 17 ms
2023-03-09 16:04:20.944 INFO  [main][LoggingTimer:83] Starting com.liferay.portal.verify.VerifyProperties#verifyDocumentLibrary
2023-03-09 16:04:20.945 INFO  [main][LoggingTimer:44] Completed com.liferay.portal.verify.VerifyProperties#verifyDocumentLibrary in 1 ms
2023-03-09 16:04:21.563 INFO  [main][LoggingTimer:83] Starting com.liferay.portal.events.StartupHelperUtil#initResourceActions
2023-03-09 16:04:21.738 INFO  [main][LoggingTimer:44] Completed com.liferay.portal.events.StartupHelperUtil#initResourceActions in 176 ms
2023-03-09 16:04:25.419 WARN  [main][SidecarManager:103] Liferay automatically starts a child process of Elasticsearch named sidecar for convenient development and demonstration purposes. Do NOT use sidecar in production. Refer to the documentation for details on the limitations of sidecar and instructions on configuring a remote Elasticsearch connection in the Control Panel.
2023-03-09 16:04:52.477 INFO  [main][Sidecar:119] Sidecar Elasticsearch liferay started at 127.0.0.1:9201
2023-03-09 16:05:01.977 INFO  [main][StartupHelperUtil:83] There are no patches installed
2023-03-09 16:05:02.071 INFO  [main][LoggingTimer:83] Starting com.liferay.portal.events.StartupHelperUtil#initResourceActions
2023-03-09 16:05:02.150 INFO  [main][LoggingTimer:44] Completed com.liferay.portal.events.StartupHelperUtil#initResourceActions in 80 ms
2023-03-09 16:05:03.205 INFO  [main][AutoDeployDir:176] Auto deploy scanner started for C:\Users\Oliver\eclipse-workspace\liferayworkspace-project\liferay-ce-portal-7.4.3.52-ga52\deploy
2023-03-09 16:05:25.737 INFO  [main][UpgradeProcess:127] Upgrading com.liferay.content.dashboard.document.library.internal.upgrade.registry.v_1_17.AssetVocabularyUpgradeProcess
2023-03-09 16:05:25.859 INFO  [main][UpgradeProcess:145] Completed upgrade process com.liferay.content.dashboard.document.library.internal.upgrade.registry.v_1_17.AssetVocabularyUpgradeProcess in 123 ms
2023-03-09 16:05:55.380 INFO  [main][UpgradeProcess:127] Upgrading com.liferay.adaptive.media.document.library.thumbnails.internal.upgrade.v1_0_0.DocumentLibraryThumbnailsConfigurationUpgradeProcess
2023-03-09 16:05:55.381 INFO  [main][LoggingTimer:83] Starting com.liferay.adaptive.media.document.library.thumbnails.internal.upgrade.v1_0_0.DocumentLibraryThumbnailsConfigurationUpgradeProcess#doUpgrade
2023-03-09 16:05:55.425 INFO  [main][LoggingTimer:44] Completed com.liferay.adaptive.media.document.library.thumbnails.internal.upgrade.v1_0_0.DocumentLibraryThumbnailsConfigurationUpgradeProcess#doUpgrade in 45 ms
2023-03-09 16:05:55.427 INFO  [main][UpgradeProcess:145] Completed upgrade process com.liferay.adaptive.media.document.library.thumbnails.internal.upgrade.v1_0_0.DocumentLibraryThumbnailsConfigurationUpgradeProcess in 47 ms
2023-03-09 16:05:56.782 INFO  [main][VerifyProcess:77] Verifying com.liferay.portal.scheduler.internal.verify.SchedulerHelperPropertiesVerifyProcess
2023-03-09 16:05:56.783 INFO  [main][LoggingTimer:83] Starting com.liferay.portal.scheduler.internal.verify.SchedulerHelperPropertiesVerifyProcess#_upgradeConfiguration
2023-03-09 16:05:56.784 INFO  [main][LoggingTimer:44] Completed com.liferay.portal.scheduler.internal.verify.SchedulerHelperPropertiesVerifyProcess#_upgradeConfiguration in 1 ms
2023-03-09 16:05:56.785 INFO  [main][VerifyProcess:90] Completed verification process com.liferay.portal.scheduler.internal.verify.SchedulerHelperPropertiesVerifyProcess in 4 ms
2023-03-09 16:05:56.789 INFO  [main][VerifyProcess:77] Verifying com.liferay.portal.security.sso.opensso.internal.verify.OpenSSOCompanySettingsVerifyProcess
2023-03-09 16:05:56.790 INFO  [main][LoggingTimer:83] Starting com.liferay.portal.verify.BaseCompanySettingsVerifyProcess#verifyProperties
2023-03-09 16:05:56.794 INFO  [main][BaseCompanySettingsVerifyProcess:124] Removing preference keys [open.sso.last.name.attr, open.sso.auth.enabled, open.sso.ldap.import.enabled, open.sso.email.address.attr, open.sso.service.url, open.sso.first.name.attr, open.sso.login.url, open.sso.logout.url, open.sso.screen.name.attr, open.sso.logout.on.session.expiration] for company 20097
2023-03-09 16:05:56.806 INFO  [main][LoggingTimer:44] Completed com.liferay.portal.verify.BaseCompanySettingsVerifyProcess#verifyProperties in 16 ms
2023-03-09 16:05:56.808 INFO  [main][VerifyProcess:90] Completed verification process com.liferay.portal.security.sso.opensso.internal.verify.OpenSSOCompanySettingsVerifyProcess in 18 ms
2023-03-09 16:05:56.812 INFO  [main][VerifyProcess:77] Verifying com.liferay.portal.security.sso.facebook.connect.internal.verify.FacebookConnectCompanySettingsVerifyProcess
2023-03-09 16:05:56.813 INFO  [main][LoggingTimer:83] Starting com.liferay.portal.verify.BaseCompanySettingsVerifyProcess#verifyProperties
2023-03-09 16:05:56.815 INFO  [main][BaseCompanySettingsVerifyProcess:124] Removing preference keys [facebook.connect.app.secret, facebook.connect.graph.url, facebook.connect.oauth.auth.url, facebook.connect.app.id, facebook.connect.oauth.redirect.url, facebook.connect.oauth.token.url, facebook.auth.enabled, facebook.connect.verified.account.required] for company 20097
2023-03-09 16:05:56.816 INFO  [main][LoggingTimer:44] Completed com.liferay.portal.verify.BaseCompanySettingsVerifyProcess#verifyProperties in 3 ms
2023-03-09 16:05:56.816 INFO  [main][VerifyProcess:90] Completed verification process com.liferay.portal.security.sso.facebook.connect.internal.verify.FacebookConnectCompanySettingsVerifyProcess in 4 ms
2023-03-09 16:05:56.821 INFO  [main][VerifyProcess:77] Verifying com.liferay.exportimport.internal.verify.system.event.SystemEventVerifyProcess
2023-03-09 16:05:56.829 INFO  [main][VerifyProcess:90] Completed verification process com.liferay.exportimport.internal.verify.system.event.SystemEventVerifyProcess in 8 ms
2023-03-09 16:05:56.833 INFO  [main][VerifyProcess:77] Verifying com.liferay.portal.security.ldap.internal.verify.LDAPPropertiesVerifyProcess
2023-03-09 16:05:56.834 INFO  [main][LoggingTimer:83] Starting com.liferay.portal.security.ldap.internal.verify.LDAPPropertiesVerifyProcess#_verifyLDAPProperties
2023-03-09 16:05:56.837 INFO  [main][LoggingTimer:44] Completed com.liferay.portal.security.ldap.internal.verify.LDAPPropertiesVerifyProcess#_verifyLDAPProperties in 3 ms
2023-03-09 16:05:56.838 INFO  [main][VerifyProcess:90] Completed verification process com.liferay.portal.security.ldap.internal.verify.LDAPPropertiesVerifyProcess in 6 ms
2023-03-09 16:05:56.847 INFO  [main][VerifyProcess:77] Verifying com.liferay.organizations.internal.verify.OrganizationServiceVerifyProcess
2023-03-09 16:05:56.848 INFO  [main][VerifyProcess:90] Completed verification process com.liferay.organizations.internal.verify.OrganizationServiceVerifyProcess in 1 ms
2023-03-09 16:05:56.861 INFO  [main][VerifyProcess:77] Verifying com.liferay.commerce.account.internal.verify.CommerceAccountServiceVerifyProcess
2023-03-09 16:05:56.862 INFO  [main][LoggingTimer:83] Starting com.liferay.commerce.account.internal.verify.CommerceAccountServiceVerifyProcess#verifyAccountRoles
2023-03-09 16:05:57.010 INFO  [main][LoggingTimer:44] Completed com.liferay.commerce.account.internal.verify.CommerceAccountServiceVerifyProcess#verifyAccountRoles in 149 ms
2023-03-09 16:05:57.011 INFO  [main][LoggingTimer:83] Starting com.liferay.commerce.account.internal.verify.CommerceAccountServiceVerifyProcess#verifyAccountGroup
2023-03-09 16:05:57.014 INFO  [main][LoggingTimer:44] Completed com.liferay.commerce.account.internal.verify.CommerceAccountServiceVerifyProcess#verifyAccountGroup in 2 ms
2023-03-09 16:05:57.014 INFO  [main][VerifyProcess:90] Completed verification process com.liferay.commerce.account.internal.verify.CommerceAccountServiceVerifyProcess in 154 ms
2023-03-09 16:05:57.019 INFO  [main][VerifyProcess:77] Verifying com.liferay.portal.security.service.access.policy.internal.verify.SAPServiceVerifyProcess
2023-03-09 16:05:57.020 INFO  [main][LoggingTimer:83] Starting com.liferay.portal.security.service.access.policy.internal.verify.SAPServiceVerifyProcess#verifyDefaultSAPEntry
2023-03-09 16:05:57.056 INFO  [main][LoggingTimer:44] Completed com.liferay.portal.security.service.access.policy.internal.verify.SAPServiceVerifyProcess#verifyDefaultSAPEntry in 36 ms
2023-03-09 16:05:57.057 INFO  [main][VerifyProcess:90] Completed verification process com.liferay.portal.security.service.access.policy.internal.verify.SAPServiceVerifyProcess in 39 ms
2023-03-09 16:05:57.062 INFO  [main][VerifyProcess:77] Verifying com.liferay.wiki.internal.verify.WikiServiceVerifyProcess
2023-03-09 16:05:57.062 INFO  [main][VerifyProcess:90] Completed verification process com.liferay.wiki.internal.verify.WikiServiceVerifyProcess in 1 ms
2023-03-09 16:05:57.067 INFO  [main][VerifyProcess:77] Verifying com.liferay.blogs.internal.verify.BlogsServiceVerifyProcess
2023-03-09 16:05:57.068 INFO  [main][VerifyProcess:90] Completed verification process com.liferay.blogs.internal.verify.BlogsServiceVerifyProcess in 1 ms
2023-03-09 16:05:57.075 INFO  [main][VerifyProcess:77] Verifying com.liferay.commerce.product.internal.verify.CommerceProductServiceVerifyProcess
2023-03-09 16:05:57.076 INFO  [main][LoggingTimer:83] Starting com.liferay.commerce.product.internal.verify.CommerceProductServiceVerifyProcess#verifyCPMeasurementUnits
2023-03-09 16:05:57.145 INFO  [main][LoggingTimer:44] Completed com.liferay.commerce.product.internal.verify.CommerceProductServiceVerifyProcess#verifyCPMeasurementUnits in 69 ms
2023-03-09 16:05:57.238 INFO  [main][VerifyProcess:90] Completed verification process com.liferay.commerce.product.internal.verify.CommerceProductServiceVerifyProcess in 164 ms
2023-03-09 16:05:57.242 INFO  [main][VerifyProcess:77] Verifying com.liferay.message.boards.internal.verify.MessageBoardsServiceVerifyProcess
2023-03-09 16:05:57.243 INFO  [main][LoggingTimer:83] Starting com.liferay.message.boards.internal.verify.MessageBoardsServiceVerifyProcess#verifyGroupedModels
2023-03-09 16:05:57.251 INFO  [ForkJoinPool-1-worker-1][LoggingTimer:83] Starting com.liferay.portal.verify.VerifyGroupedModel#verifyGroupedModel#MBDiscussion
2023-03-09 16:05:57.257 INFO  [ForkJoinPool-1-worker-3][LoggingTimer:83] Starting com.liferay.portal.verify.VerifyGroupedModel#verifyGroupedModel#MBThreadFlag
2023-03-09 16:05:57.284 INFO  [ForkJoinPool-1-worker-3][LoggingTimer:44] Completed com.liferay.portal.verify.VerifyGroupedModel#verifyGroupedModel#MBThreadFlag in 27 ms
2023-03-09 16:05:57.294 INFO  [ForkJoinPool-1-worker-1][LoggingTimer:44] Completed com.liferay.portal.verify.VerifyGroupedModel#verifyGroupedModel#MBDiscussion in 43 ms
2023-03-09 16:05:57.296 INFO  [main][LoggingTimer:44] Completed com.liferay.message.boards.internal.verify.MessageBoardsServiceVerifyProcess#verifyGroupedModels in 52 ms
2023-03-09 16:05:57.297 INFO  [main][VerifyProcess:90] Completed verification process com.liferay.message.boards.internal.verify.MessageBoardsServiceVerifyProcess in 54 ms
2023-03-09 16:05:57.305 INFO  [main][VerifyProcess:77] Verifying com.liferay.document.library.internal.verify.DLServiceVerifyProcess
2023-03-09 16:05:57.306 INFO  [main][LoggingTimer:83] Starting com.liferay.document.library.internal.verify.DLServiceVerifyProcess#_checkDLFileEntryMetadata
2023-03-09 16:05:57.319 INFO  [main][LoggingTimer:44] Completed com.liferay.document.library.internal.verify.DLServiceVerifyProcess#_checkDLFileEntryMetadata in 13 ms
2023-03-09 16:05:57.320 INFO  [main][LoggingTimer:83] Starting com.liferay.document.library.internal.verify.DLServiceVerifyProcess#_checkMimeTypes
2023-03-09 16:05:57.326 INFO  [main][LoggingTimer:44] Completed com.liferay.document.library.internal.verify.DLServiceVerifyProcess#_checkMimeTypes in 6 ms
2023-03-09 16:05:57.327 INFO  [main][LoggingTimer:83] Starting com.liferay.document.library.internal.verify.DLServiceVerifyProcess#_updateClassNameId
2023-03-09 16:05:57.331 INFO  [main][LoggingTimer:44] Completed com.liferay.document.library.internal.verify.DLServiceVerifyProcess#_updateClassNameId in 4 ms
2023-03-09 16:05:57.332 INFO  [main][LoggingTimer:83] Starting com.liferay.document.library.internal.verify.DLServiceVerifyProcess#_updateFileEntryAssets
2023-03-09 16:05:57.375 INFO  [main][LoggingTimer:44] Completed com.liferay.document.library.internal.verify.DLServiceVerifyProcess#_updateFileEntryAssets in 43 ms
2023-03-09 16:05:57.376 INFO  [main][LoggingTimer:83] Starting com.liferay.document.library.internal.verify.DLServiceVerifyProcess#_updateFolderAssets
2023-03-09 16:05:57.409 INFO  [main][LoggingTimer:44] Completed com.liferay.document.library.internal.verify.DLServiceVerifyProcess#_updateFolderAssets in 33 ms
2023-03-09 16:05:57.410 INFO  [main][VerifyProcess:90] Completed verification process com.liferay.document.library.internal.verify.DLServiceVerifyProcess in 105 ms
2023-03-09 16:05:57.416 INFO  [main][VerifyProcess:77] Verifying com.liferay.commerce.price.list.internal.verify.CommercePriceListServiceVerifyProcess
2023-03-09 16:05:57.417 INFO  [main][LoggingTimer:83] Starting com.liferay.commerce.price.list.internal.verify.CommercePriceListServiceVerifyProcess#verifyBasePriceLists
2023-03-09 16:05:57.428 INFO  [main][LoggingTimer:44] Completed com.liferay.commerce.price.list.internal.verify.CommercePriceListServiceVerifyProcess#verifyBasePriceLists in 11 ms
2023-03-09 16:05:57.429 INFO  [main][VerifyProcess:90] Completed verification process com.liferay.commerce.price.list.internal.verify.CommercePriceListServiceVerifyProcess in 12 ms
2023-03-09 16:05:57.434 INFO  [main][VerifyProcess:77] Verifying com.liferay.dynamic.data.mapping.verify.DDMServiceVerifyProcess
2023-03-09 16:05:57.435 INFO  [main][LoggingTimer:83] Starting com.liferay.dynamic.data.mapping.verify.DDMServiceVerifyProcess#verifyStructureLinks
2023-03-09 16:05:57.439 INFO  [main][LoggingTimer:44] Completed com.liferay.dynamic.data.mapping.verify.DDMServiceVerifyProcess#verifyStructureLinks in 3 ms
2023-03-09 16:05:57.441 INFO  [main][LoggingTimer:83] Starting com.liferay.dynamic.data.mapping.verify.DDMServiceVerifyProcess#verifyTemplateLinks
2023-03-09 16:05:57.443 INFO  [main][LoggingTimer:44] Completed com.liferay.dynamic.data.mapping.verify.DDMServiceVerifyProcess#verifyTemplateLinks in 2 ms
2023-03-09 16:05:57.443 INFO  [main][VerifyProcess:90] Completed verification process com.liferay.dynamic.data.mapping.verify.DDMServiceVerifyProcess in 9 ms
2023-03-09 16:06:09.911 INFO  [com.liferay.portal.osgi.web.wab.extender.internal.WabFactory-BundleTrackerOpener][ThemeHotDeployListener:108] 1 theme for classic-theme is available for use
2023-03-09 16:06:10.176 INFO  [com.liferay.portal.osgi.web.wab.extender.internal.WabFactory-BundleTrackerOpener][ThemeHotDeployListener:108] 1 theme for minium-theme is available for use
2023-03-09 16:06:10.436 INFO  [com.liferay.portal.osgi.web.wab.extender.internal.WabFactory-BundleTrackerOpener][ThemeHotDeployListener:108] 1 theme for speedwell-theme is available for use
2023-03-09 16:06:10.676 INFO  [com.liferay.portal.osgi.web.wab.extender.internal.WabFactory-BundleTrackerOpener][ThemeHotDeployListener:108] 1 theme for dialect-theme is available for use
2023-03-09 16:06:10.908 INFO  [com.liferay.portal.osgi.web.wab.extender.internal.WabFactory-BundleTrackerOpener][ThemeHotDeployListener:108] 1 theme for admin-theme is available for use
2023-03-09 16:06:15.956 INFO  [com.liferay.portal.osgi.web.portlet.tracker.internal.PortletTracker-ServiceTrackerOpener][BundleSiteInitializer:390] Initializing com.liferay.site.initializer.welcome for group 20121
2023-03-09 16:06:15.960 INFO  [com.liferay.portal.osgi.web.portlet.tracker.internal.PortletTracker-ServiceTrackerOpener][BundleSiteInitializer:4048] Invoking line 416 took 2 ms
2023-03-09 16:06:15.963 INFO  [com.liferay.portal.osgi.web.portlet.tracker.internal.PortletTracker-ServiceTrackerOpener][BundleSiteInitializer:4067] Invoking line 419 in 1 ms
2023-03-09 16:06:15.964 INFO  [com.liferay.portal.osgi.web.portlet.tracker.internal.PortletTracker-ServiceTrackerOpener][BundleSiteInitializer:4048] Invoking line 421 took 1 ms
2023-03-09 16:06:15.965 INFO  [com.liferay.portal.osgi.web.portlet.tracker.internal.PortletTracker-ServiceTrackerOpener][BundleSiteInitializer:4067] Invoking line 424 in 1 ms
2023-03-09 16:06:17.275 INFO  [com.liferay.portal.osgi.web.portlet.tracker.internal.PortletTracker-ServiceTrackerOpener][BundleSiteInitializer:4067] Invoking line 427 in 1309 ms
2023-03-09 16:06:17.277 INFO  [com.liferay.portal.osgi.web.portlet.tracker.internal.PortletTracker-ServiceTrackerOpener][BundleSiteInitializer:4048] Invoking line 431 took 0 ms
2023-03-09 16:06:17.278 INFO  [com.liferay.portal.osgi.web.portlet.tracker.internal.PortletTracker-ServiceTrackerOpener][BundleSiteInitializer:4048] Invoking line 436 took 1 ms
2023-03-09 16:06:17.279 INFO  [com.liferay.portal.osgi.web.portlet.tracker.internal.PortletTracker-ServiceTrackerOpener][BundleSiteInitializer:4048] Invoking line 437 took 0 ms
2023-03-09 16:06:17.280 INFO  [com.liferay.portal.osgi.web.portlet.tracker.internal.PortletTracker-ServiceTrackerOpener][BundleSiteInitializer:4048] Invoking line 438 took 0 ms
2023-03-09 16:06:17.282 INFO  [com.liferay.portal.osgi.web.portlet.tracker.internal.PortletTracker-ServiceTrackerOpener][BundleSiteInitializer:4067] Invoking line 441 in 0 ms
2023-03-09 16:06:17.284 INFO  [com.liferay.portal.osgi.web.portlet.tracker.internal.PortletTracker-ServiceTrackerOpener][BundleSiteInitializer:4048] Invoking line 443 took 1 ms
2023-03-09 16:06:17.285 INFO  [com.liferay.portal.osgi.web.portlet.tracker.internal.PortletTracker-ServiceTrackerOpener][BundleSiteInitializer:4048] Invoking line 444 took 0 ms
2023-03-09 16:06:17.287 INFO  [com.liferay.portal.osgi.web.portlet.tracker.internal.PortletTracker-ServiceTrackerOpener][BundleSiteInitializer:4048] Invoking line 445 took 0 ms
2023-03-09 16:06:17.288 INFO  [com.liferay.portal.osgi.web.portlet.tracker.internal.PortletTracker-ServiceTrackerOpener][BundleSiteInitializer:4048] Invoking line 446 took 1 ms
2023-03-09 16:06:17.290 INFO  [com.liferay.portal.osgi.web.portlet.tracker.internal.PortletTracker-ServiceTrackerOpener][BundleSiteInitializer:4067] Invoking line 449 in 0 ms
2023-03-09 16:06:17.291 INFO  [com.liferay.portal.osgi.web.portlet.tracker.internal.PortletTracker-ServiceTrackerOpener][BundleSiteInitializer:4048] Invoking line 453 took 0 ms
2023-03-09 16:06:17.302 INFO  [com.liferay.portal.osgi.web.portlet.tracker.internal.PortletTracker-ServiceTrackerOpener][BundleSiteInitializer:4048] Invoking line 454 took 10 ms
2023-03-09 16:06:17.303 INFO  [com.liferay.portal.osgi.web.portlet.tracker.internal.PortletTracker-ServiceTrackerOpener][BundleSiteInitializer:4048] Invoking line 458 took 0 ms
2023-03-09 16:06:17.305 INFO  [com.liferay.portal.osgi.web.portlet.tracker.internal.PortletTracker-ServiceTrackerOpener][BundleSiteInitializer:4048] Invoking line 461 took 1 ms
2023-03-09 16:06:17.472 INFO  [com.liferay.portal.osgi.web.portlet.tracker.internal.PortletTracker-ServiceTrackerOpener][BundleSiteInitializer:4067] Invoking line 467 in 166 ms
2023-03-09 16:06:17.474 INFO  [com.liferay.portal.osgi.web.portlet.tracker.internal.PortletTracker-ServiceTrackerOpener][BundleSiteInitializer:4067] Invoking line 471 in 1 ms
2023-03-09 16:06:17.475 INFO  [com.liferay.portal.osgi.web.portlet.tracker.internal.PortletTracker-ServiceTrackerOpener][BundleSiteInitializer:4067] Invoking line 475 in 0 ms
2023-03-09 16:06:17.477 INFO  [com.liferay.portal.osgi.web.portlet.tracker.internal.PortletTracker-ServiceTrackerOpener][BundleSiteInitializer:4048] Invoking line 482 took 0 ms
2023-03-09 16:06:17.481 INFO  [com.liferay.portal.osgi.web.portlet.tracker.internal.PortletTracker-ServiceTrackerOpener][BundleSiteInitializer:4048] Invoking line 487 took 0 ms
2023-03-09 16:06:17.482 INFO  [com.liferay.portal.osgi.web.portlet.tracker.internal.PortletTracker-ServiceTrackerOpener][BundleSiteInitializer:4048] Invoking line 494 took 0 ms
2023-03-09 16:06:17.484 INFO  [com.liferay.portal.osgi.web.portlet.tracker.internal.PortletTracker-ServiceTrackerOpener][BundleSiteInitializer:4048] Invoking line 499 took 0 ms
2023-03-09 16:06:17.485 INFO  [com.liferay.portal.osgi.web.portlet.tracker.internal.PortletTracker-ServiceTrackerOpener][BundleSiteInitializer:4067] Invoking line 507 in 1 ms
2023-03-09 16:06:17.860 INFO  [com.liferay.portal.osgi.web.portlet.tracker.internal.PortletTracker-ServiceTrackerOpener][BundleSiteInitializer:4048] Invoking line 511 took 373 ms
2023-03-09 16:06:17.863 INFO  [com.liferay.portal.osgi.web.portlet.tracker.internal.PortletTracker-ServiceTrackerOpener][BundleSiteInitializer:4048] Invoking line 522 took 1 ms
2023-03-09 16:06:17.864 INFO  [com.liferay.portal.osgi.web.portlet.tracker.internal.PortletTracker-ServiceTrackerOpener][BundleSiteInitializer:4048] Invoking line 532 took 0 ms
2023-03-09 16:06:17.867 INFO  [com.liferay.portal.osgi.web.portlet.tracker.internal.PortletTracker-ServiceTrackerOpener][BundleSiteInitializer:4048] Invoking line 534 took 0 ms
2023-03-09 16:06:17.867 INFO  [com.liferay.portal.osgi.web.portlet.tracker.internal.PortletTracker-ServiceTrackerOpener][BundleSiteInitializer:543] Initialized com.liferay.site.initializer.welcome for group 20121 in 1912 ms
2023-03-09 16:06:20.530 INFO  [main][SystemCheckOSGiCommands:61] System check is enabled. You can run a system check with the command "system:check" in Gogo shell.
2023-03-09 16:06:20.530 INFO  [main][SystemCheckOSGiCommands:73] Running system check
2023-03-09 16:06:20.531 INFO  [main][SystemCheckOSGiCommands:95] Available checkers :[Declarative Service Soft Circular Dependency Checker, Declarative Service Unsatisfied Component Checker, Spring Extender Unavailable Component Checker]
2023-03-09 16:06:20.531 INFO  [main][SystemCheckOSGiCommands:111] Running "Declarative Service Soft Circular Dependency Checker". You can run this by itself with command "ds:softCircularDependency" in gogo shell.
2023-03-09 16:06:31.674 INFO  [main][SystemCheckOSGiCommands:123] Declarative Service Soft Circular Dependency Checker check result: No issues were found.
2023-03-09 16:06:31.675 INFO  [main][SystemCheckOSGiCommands:111] Running "Declarative Service Unsatisfied Component Checker". You can run this by itself with command "ds:unsatisfied" in gogo shell.
2023-03-09 16:06:48.990 INFO  [main][SystemCheckOSGiCommands:123] Declarative Service Unsatisfied Component Checker check result: No issues were found.
2023-03-09 16:06:48.991 INFO  [main][SystemCheckOSGiCommands:111] Running "Spring Extender Unavailable Component Checker". You can run this by itself with command "dm na" in gogo shell.
2023-03-09 16:06:48.994 INFO  [main][SystemCheckOSGiCommands:123] Spring Extender Unavailable Component Checker check result: No issues were found.
2023-03-09 16:38:35.390 ERROR [http-nio-8080-exec-8][JSONWebServiceServiceAction:126] No JSON web service action with path /kaleo.kaleodefinition/get-kaleo-definitions and method GET for kaleo
2023-03-09 16:42:58.552 INFO  [pipe-start 1575][BundleStartStopLogger:77] STARTED de.ancud.app_1.0.0 [1575]
2023-03-09 20:08:50.883 WARN  [HikariPool-2 housekeeper][HikariPool:788] HikariPool-2 - Thread starvation or clock leap detected (housekeeper delta=3h29s536ms417µs300ns).
