Arguments: 
  C:\Users\Oliver\eclipse-workspace\coding-challenge\liferayworkspace-project\LiferayWorkspace\build\node\node.exe C:\Users\Oliver\eclipse-workspace\coding-challenge\liferayworkspace-project\LiferayWorkspace\build\node\node_modules\yarn\yarn-1.13.0.js --production false install --ignore-engines

PATH: 
  C:\Users\Oliver\eclipse-workspace\coding-challenge\liferayworkspace-project\LiferayWorkspace\build\node;C:/Users/Oliver/.p2/pool/plugins/org.eclipse.justj.openjdk.hotspot.jre.full.win32.x86_64_19.0.1.v20221102-1007/jre/bin/server;C:/Users/Oliver/.p2/pool/plugins/org.eclipse.justj.openjdk.hotspot.jre.full.win32.x86_64_19.0.1.v20221102-1007/jre/bin;C:\Program Files (x86)\Razer\ChromaBroadcast\bin;C:\Program Files\Razer\ChromaBroadcast\bin;C:\Python39\Scripts\;C:\Python39\;C:\Program Files (x86)\Common Files\Oracle\Java\javapath;C:\WINDOWS\system32;C:\WINDOWS;C:\WINDOWS\System32\Wbem;C:\WINDOWS\System32\WindowsPowerShell\v1.0\;C:\WINDOWS\System32\OpenSSH\;C:\Program Files\Git\cmd;C:\ProgramData\chocolatey\bin;C:\Program Files\PuTTY\;C:\Users\Oliver\.jpm\windows\bin;C:\Program Files\MySQL\MySQL Server 8.0\bin;c:\Program Files (x86)\Intel\Intel(R) Management Engine Components\DAL;c:\Program Files\Intel\Intel(R) Management Engine Components\DAL;C:\Users\Oliver\AppData\Roaming\nvm;C:\Program Files\nodejs;C:\Program Files\dotnet\;C:\gs;;C:\Program Files\WinMerge;C:\Program Files\Docker\Docker\resources\bin;C:\Users\Oliver\AppData\Local\Microsoft\WindowsApps;C:\Users\Oliver\AppData\Roaming\npm;C:\Users\Oliver\AppData\Local\Programs\Microsoft VS Code\bin;C:\Program Files (x86)\apache-maven-3.6.3\bin;C:\Program Files\JetBrains\IntelliJ IDEA Community Edition 2021.1.2\bin;C:\Users\Oliver\flutter\bin;C:\Users\Oliver\flutter;C:\Users\Oliver\AppData\Local\GitHubDesktop\bin;C:\Gradle\gradle-6.6.1\bin;C:\Users\Oliver\AppData\Local\Microsoft\WindowsApps;C:\Users\Oliver\AppData\Roaming\npm;C:\Users\Oliver\AppData\Local\Programs\Microsoft VS Code\bin;C:\Program Files (x86)\apache-maven-3.6.3\bin;C:\Program Files\JetBrains\IntelliJ IDEA Community Edition 2021.1.2\bin;;C:\Users\Oliver\flutter\bin;C:\Users\Oliver\flutter;C:\Users\Oliver\AppData\Roaming\nvm;C:\Program Files\nodejs;C:\Users\Oliver\AppData\Local\GitHubDesktop\bin;C:\Gradle\gradle-6.6.1\bin;;C:\WINDOWS\System32;

Yarn version: 
  1.13.0

Node version: 
  16.13.0

Platform: 
  win32 x64

Trace: 
  Error: https://registry.yarnpkg.com/rxjs/-/rxjs-5.5.12.tgz: ESOCKETTIMEDOUT
      at ClientRequest.<anonymous> (C:\Users\Oliver\eclipse-workspace\coding-challenge\liferayworkspace-project\LiferayWorkspace\build\node\node_modules\yarn\yarn-1.13.0.js:124525:19)
      at Object.onceWrapper (node:events:509:28)
      at ClientRequest.emit (node:events:390:28)
      at TLSSocket.emitRequestTimeout (node:_http_client:763:9)
      at Object.onceWrapper (node:events:509:28)
      at TLSSocket.emit (node:events:402:35)
      at TLSSocket.Socket._onTimeout (node:net:501:8)
      at listOnTimeout (node:internal/timers:557:17)
      at processTimers (node:internal/timers:500:7)

npm manifest: 
  {
      "private": true,
      "workspaces": {
          "packages": [
              "modules\\angular-portlet"
          ]
      }
  }

yarn manifest: 
  No manifest

Lockfile: 
  No lockfile
